# JRE version: OpenJDK Runtime Environment Microsoft-8035246 (17.0.8+7) (build 17.0.8+7-LTS)
# Java VM: OpenJDK 64-Bit Server VM Microsoft-8035246 (17.0.8+7-LTS, mixed mode, sharing, tiered, compressed oops, compressed class ptrs, g1 gc, windows-amd64)
GC Precious Log:
 CPUs: 12 total, 12 available
 Memory: 16315M
 Large Page Support: Disabled
 NUMA Support: Disabled
 Compressed Oops: Enabled (32-bit)
 Heap Region Size: 1M
 Heap Min Capacity: 8M
 Heap Initial Capacity: 256M
 Heap Max Capacity: 2G
 Pre-touch: Disabled
 Parallel Workers: 10
 Concurrent Workers: 3
 Concurrent Refinement Workers: 10
 Periodic GC: Disabled
Heap:
 garbage-first heap   total 346112K, used 242999K [0x0000000080000000, 0x0000000100000000)
  region size 1024K, 9 young (9216K), 8 survivors (8192K)
 Metaspace       used 111513K, committed 112832K, reserved 557056K
  class space    used 15034K, committed 15680K, reserved 425984K
GC Heap History (20 events):
Event: 41.888 GC heap before
{Heap before GC invocations=62 (full 0):
 garbage-first heap   total 239616K, used 207247K [0x0000000080000000, 0x0000000100000000)
  region size 1024K, 14 young (14336K), 2 survivors (2048K)
 Metaspace       used 101603K, committed 102656K, reserved 557056K
  class space    used 13881K, committed 14400K, reserved 425984K
}
Event: 41.892 GC heap after
{Heap after GC invocations=63 (full 0):
 garbage-first heap   total 239616K, used 197314K [0x0000000080000000, 0x0000000100000000)
  region size 1024K, 2 young (2048K), 2 survivors (2048K)
 Metaspace       used 101603K, committed 102656K, reserved 557056K
  class space    used 13881K, committed 14400K, reserved 425984K
}
Event: 42.037 GC heap before
{Heap before GC invocations=63 (full 0):
 garbage-first heap   total 239616K, used 208578K [0x0000000080000000, 0x0000000100000000)
  region size 1024K, 13 young (13312K), 2 survivors (2048K)
 Metaspace       used 101627K, committed 102720K, reserved 557056K
  class space    used 13883K, committed 14400K, reserved 425984K
}
Event: 42.041 GC heap after
{Heap after GC invocations=64 (full 0):
 garbage-first heap   total 287744K, used 199724K [0x0000000080000000, 0x0000000100000000)
  region size 1024K, 2 young (2048K), 2 survivors (2048K)
 Metaspace       used 101627K, committed 102720K, reserved 557056K
  class space    used 13883K, committed 14400K, reserved 425984K
}
Event: 42.481 GC heap before
{Heap before GC invocations=64 (full 0):
 garbage-first heap   total 287744K, used 238636K [0x0000000080000000, 0x0000000100000000)
  region size 1024K, 40 young (40960K), 2 survivors (2048K)
 Metaspace       used 102412K, committed 103488K, reserved 557056K
  class space    used 13965K, committed 14464K, reserved 425984K
}
Event: 42.489 GC heap after
{Heap after GC invocations=65 (full 0):
 garbage-first heap   total 287744K, used 206566K [0x0000000080000000, 0x0000000100000000)
  region size 1024K, 5 young (5120K), 5 survivors (5120K)
 Metaspace       used 102412K, committed 103488K, reserved 557056K
  class space    used 13965K, committed 14464K, reserved 425984K
}
Event: 49.097 GC heap before
{Heap before GC invocations=65 (full 0):
 garbage-first heap   total 287744K, used 240358K [0x0000000080000000, 0x0000000100000000)
  region size 1024K, 39 young (39936K), 5 survivors (5120K)
 Metaspace       used 106433K, committed 107520K, reserved 557056K
  class space    used 14354K, committed 14848K, reserved 425984K
}
Event: 49.102 GC heap after
{Heap after GC invocations=66 (full 0):
 garbage-first heap   total 287744K, used 209541K [0x0000000080000000, 0x0000000100000000)
  region size 1024K, 3 young (3072K), 3 survivors (3072K)
 Metaspace       used 106433K, committed 107520K, reserved 557056K
  class space    used 14354K, committed 14848K, reserved 425984K
}
Event: 49.497 GC heap before
{Heap before GC invocations=66 (full 0):
 garbage-first heap   total 287744K, used 243333K [0x0000000080000000, 0x0000000100000000)
  region size 1024K, 36 young (36864K), 3 survivors (3072K)
 Metaspace       used 106588K, committed 107712K, reserved 557056K
  class space    used 14357K, committed 14912K, reserved 425984K
}
Event: 49.502 GC heap after
{Heap after GC invocations=67 (full 0):
 garbage-first heap   total 287744K, used 212884K [0x0000000080000000, 0x0000000100000000)
  region size 1024K, 5 young (5120K), 5 survivors (5120K)
 Metaspace       used 106588K, committed 107712K, reserved 557056K
  class space    used 14357K, committed 14912K, reserved 425984K
}
Event: 55.253 GC heap before
{Heap before GC invocations=67 (full 0):
 garbage-first heap   total 287744K, used 244628K [0x0000000080000000, 0x0000000100000000)
  region size 1024K, 36 young (36864K), 5 survivors (5120K)
 Metaspace       used 106986K, committed 108160K, reserved 557056K
  class space    used 14422K, committed 14976K, reserved 425984K
}
Event: 55.264 GC heap after
{Heap after GC invocations=68 (full 0):
 garbage-first heap   total 287744K, used 220747K [0x0000000080000000, 0x0000000100000000)
  region size 1024K, 5 young (5120K), 5 survivors (5120K)
 Metaspace       used 106986K, committed 108160K, reserved 557056K
  class space    used 14422K, committed 14976K, reserved 425984K
}
Event: 55.465 GC heap before
{Heap before GC invocations=68 (full 0):
 garbage-first heap   total 287744K, used 245322K [0x0000000080000000, 0x0000000100000000)
  region size 1024K, 29 young (29696K), 5 survivors (5120K)
 Metaspace       used 107058K, committed 108288K, reserved 557056K
  class space    used 14424K, committed 14976K, reserved 425984K
}
Event: 55.472 GC heap after
{Heap after GC invocations=69 (full 0):
 garbage-first heap   total 287744K, used 225280K [0x0000000080000000, 0x0000000100000000)
  region size 1024K, 4 young (4096K), 4 survivors (4096K)
 Metaspace       used 107058K, committed 108288K, reserved 557056K
  class space    used 14424K, committed 14976K, reserved 425984K
}
Event: 55.689 GC heap before
{Heap before GC invocations=69 (full 0):
 garbage-first heap   total 287744K, used 246784K [0x0000000080000000, 0x0000000100000000)
  region size 1024K, 25 young (25600K), 4 survivors (4096K)
 Metaspace       used 107192K, committed 108480K, reserved 557056K
  class space    used 14440K, committed 15040K, reserved 425984K
}
Event: 55.695 GC heap after
{Heap after GC invocations=70 (full 0):
 garbage-first heap   total 287744K, used 228978K [0x0000000080000000, 0x0000000100000000)
  region size 1024K, 4 young (4096K), 4 survivors (4096K)
 Metaspace       used 107192K, committed 108480K, reserved 557056K
  class space    used 14440K, committed 15040K, reserved 425984K
}
Event: 55.825 GC heap before
{Heap before GC invocations=70 (full 0):
 garbage-first heap   total 287744K, used 246386K [0x0000000080000000, 0x0000000100000000)
  region size 1024K, 22 young (22528K), 4 survivors (4096K)
 Metaspace       used 107216K, committed 108480K, reserved 557056K
  class space    used 14441K, committed 15040K, reserved 425984K
}
Event: 55.832 GC heap after
{Heap after GC invocations=71 (full 0):
 garbage-first heap   total 287744K, used 231399K [0x0000000080000000, 0x0000000100000000)
  region size 1024K, 3 young (3072K), 3 survivors (3072K)
 Metaspace       used 107216K, committed 108480K, reserved 557056K
  class space    used 14441K, committed 15040K, reserved 425984K
}
Event: 56.085 GC heap before
{Heap before GC invocations=71 (full 0):
 garbage-first heap   total 287744K, used 247783K [0x0000000080000000, 0x0000000100000000)
  region size 1024K, 19 young (19456K), 3 survivors (3072K)
 Metaspace       used 107410K, committed 108736K, reserved 557056K
  class space    used 14461K, committed 15104K, reserved 425984K
}
Event: 56.090 GC heap after
{Heap after GC invocations=72 (full 0):
 garbage-first heap   total 346112K, used 233634K [0x0000000080000000, 0x0000000100000000)
  region size 1024K, 3 young (3072K), 3 survivors (3072K)
 Metaspace       used 107410K, committed 108736K, reserved 557056K
  class space    used 14461K, committed 15104K, reserved 425984K
}

